weex_sdk/build/outputs/logs/manifest-merger-debug-report.txt
-- Merging decision tree log ---
manifest
ADDED from src/main/AndroidManifest.xml:20:1-37:12
INJECTED from src/main/AndroidManifest.xml:20:1-37:12
INJECTED from src/main/AndroidManifest.xml:20:1-37:12
INJECTED from src/main/AndroidManifest.xml:20:1-37:12
INJECTED from src/main/AndroidManifest.xml:20:1-37:12
INJECTED from src/main/AndroidManifest.xml:20:1-37:12
INJECTED from src/main/AndroidManifest.xml:20:1-37:12
	package
		ADDED from src/main/AndroidManifest.xml:21:11-45
		INJECTED from src/main/AndroidManifest.xml
		INJECTED from src/main/AndroidManifest.xml
	android:versionName
		ADDED from src/main/AndroidManifest.xml:23:11-36
		INJECTED from src/main/AndroidManifest.xml
		INJECTED from src/main/AndroidManifest.xml
	xmlns:android
		ADDED from src/main/AndroidManifest.xml:20:11-69
	android:versionCode
		ADDED from src/main/AndroidManifest.xml:22:11-34
		INJECTED from src/main/AndroidManifest.xml
		INJECTED from src/main/AndroidManifest.xml
uses-sdk
ADDED from src/main/AndroidManifest.xml:25:5-27:44
INJECTED from src/main/AndroidManifest.xml:25:5-27:44
INJECTED from src/main/AndroidManifest.xml:25:5-27:44
INJECTED from src/main/AndroidManifest.xml:25:5-27:44
INJECTED from src/main/AndroidManifest.xml:25:5-27:44
	android:targetSdkVersion
		ADDED from src/main/AndroidManifest.xml:27:13-42
		INJECTED from src/main/AndroidManifest.xml
		INJECTED from src/main/AndroidManifest.xml
	android:minSdkVersion
		ADDED from src/main/AndroidManifest.xml:26:13-39
		INJECTED from src/main/AndroidManifest.xml
		INJECTED from src/main/AndroidManifest.xml
application
ADDED from src/main/AndroidManifest.xml:29:5-35:19
receiver#com.taobao.weex.WXGlobalEventReceiver
ADDED from src/main/AndroidManifest.xml:30:9-34:20
	android:enabled
		ADDED from src/main/AndroidManifest.xml:32:17-39
	android:exported
		ADDED from src/main/AndroidManifest.xml:33:17-41
	android:name
		ADDED from src/main/AndroidManifest.xml:31:17-69